2019-08-14 15:33:53.572  INFO 1732 --- [main] c.b.app.WebsitestillparserApplication    : Starting WebsitestillparserApplication on Home with PID 1732 (C:\workspace\Web-metal-searcher\target\classes started by Fylyp in C:\workspace\Web-metal-searcher)
2019-08-14 15:33:53.666  INFO 1732 --- [main] c.b.app.WebsitestillparserApplication    : No active profile set, falling back to default profiles: default
2019-08-14 15:33:55.197  INFO 1732 --- [main] .s.d.r.c.RepositoryConfigurationDelegate : Bootstrapping Spring Data repositories in DEFAULT mode.
2019-08-14 15:33:55.504  INFO 1732 --- [main] .s.d.r.c.RepositoryConfigurationDelegate : Finished Spring Data repository scanning in 296ms. Found 1 repository interfaces.
2019-08-14 15:33:56.223  INFO 1732 --- [main] trationDelegate$BeanPostProcessorChecker : Bean 'org.springframework.transaction.annotation.ProxyTransactionManagementConfiguration' of type [org.springframework.transaction.annotation.ProxyTransactionManagementConfiguration$$EnhancerBySpringCGLIB$$39de920b] is not eligible for getting processed by all BeanPostProcessors (for example: not eligible for auto-proxying)
2019-08-14 15:33:56.789  INFO 1732 --- [main] o.s.b.w.embedded.tomcat.TomcatWebServer  : Tomcat initialized with port(s): 8080 (http)
2019-08-14 15:33:56.851  INFO 1732 --- [main] o.apache.catalina.core.StandardService   : Starting service [Tomcat]
2019-08-14 15:33:56.851  INFO 1732 --- [main] org.apache.catalina.core.StandardEngine  : Starting Servlet engine: [Apache Tomcat/9.0.21]
2019-08-14 15:33:57.789  INFO 1732 --- [main] org.apache.jasper.servlet.TldScanner     : At least one JAR was scanned for TLDs yet contained no TLDs. Enable debug logging for this logger for a complete list of JARs that were scanned but no TLDs were found in them. Skipping unneeded JARs during scanning can improve startup time and JSP compilation time.
2019-08-14 15:33:57.792  INFO 1732 --- [main] o.a.c.c.C.[Tomcat].[localhost].[/]       : Initializing Spring embedded WebApplicationContext
2019-08-14 15:33:57.792 DEBUG 1732 --- [main] o.s.web.context.ContextLoader            : Published root WebApplicationContext as ServletContext attribute with name [org.springframework.web.context.WebApplicationContext.ROOT]
2019-08-14 15:33:57.792  INFO 1732 --- [main] o.s.web.context.ContextLoader            : Root WebApplicationContext: initialization completed in 3938 ms
2019-08-14 15:33:58.698  INFO 1732 --- [main] com.zaxxer.hikari.HikariDataSource       : HikariPool-1 - Starting...
2019-08-14 15:34:00.417  INFO 1732 --- [main] com.zaxxer.hikari.HikariDataSource       : HikariPool-1 - Start completed.
2019-08-14 15:34:00.549  INFO 1732 --- [main] o.hibernate.jpa.internal.util.LogHelper  : HHH000204: Processing PersistenceUnitInfo [
	name: default
	...]
2019-08-14 15:34:00.892  INFO 1732 --- [main] org.hibernate.Version                    : HHH000412: Hibernate Core {5.3.10.Final}
2019-08-14 15:34:00.892  INFO 1732 --- [main] org.hibernate.cfg.Environment            : HHH000206: hibernate.properties not found
2019-08-14 15:34:01.267  INFO 1732 --- [main] o.hibernate.annotations.common.Version   : HCANN000001: Hibernate Commons Annotations {5.0.4.Final}
2019-08-14 15:34:02.158  INFO 1732 --- [main] org.hibernate.dialect.Dialect            : HHH000400: Using dialect: org.hibernate.dialect.PostgreSQLDialect
2019-08-14 15:34:02.186  INFO 1732 --- [main] o.h.e.j.e.i.LobCreatorBuilderImpl        : HHH000422: Disabling contextual LOB creation as connection was null
2019-08-14 15:34:02.201  INFO 1732 --- [main] org.hibernate.type.BasicTypeRegistry     : HHH000270: Type registration [java.util.UUID] overrides previous : org.hibernate.type.UUIDBinaryType@633cc6b5
2019-08-14 15:34:04.670  INFO 1732 --- [main] j.LocalContainerEntityManagerFactoryBean : Initialized JPA EntityManagerFactory for persistence unit 'default'
2019-08-14 15:34:07.410  WARN 1732 --- [main] o.s.security.core.userdetails.User       : User.withDefaultPasswordEncoder() is considered unsafe for production and is only intended for sample applications.
2019-08-14 15:34:07.682  INFO 1732 --- [main] o.s.s.web.DefaultSecurityFilterChain     : Creating filter chain: any request, [org.springframework.security.web.context.request.async.WebAsyncManagerIntegrationFilter@1a345298, org.springframework.security.web.context.SecurityContextPersistenceFilter@205159dc, org.springframework.security.web.header.HeaderWriterFilter@42cc5460, org.springframework.security.web.csrf.CsrfFilter@4c5f7b4f, org.springframework.security.web.authentication.logout.LogoutFilter@7bfa1eb5, org.springframework.security.web.authentication.UsernamePasswordAuthenticationFilter@709d86a2, org.springframework.security.web.savedrequest.RequestCacheAwareFilter@731db93f, org.springframework.security.web.servletapi.SecurityContextHolderAwareRequestFilter@4492b393, org.springframework.security.web.authentication.AnonymousAuthenticationFilter@4ad896f7, org.springframework.security.web.session.SessionManagementFilter@20820df0, org.springframework.security.web.access.ExceptionTranslationFilter@2a7bc16b, org.springframework.security.web.access.intercept.FilterSecurityInterceptor@33e50ff2]
2019-08-14 15:34:07.760 DEBUG 1732 --- [main] o.s.w.s.handler.SimpleUrlHandlerMapping  : Patterns [/**/favicon.ico] in 'faviconHandlerMapping'
2019-08-14 15:34:07.995  INFO 1732 --- [main] o.s.s.concurrent.ThreadPoolTaskExecutor  : Initializing ExecutorService 'applicationTaskExecutor'
2019-08-14 15:34:08.010 DEBUG 1732 --- [main] s.w.s.m.m.a.RequestMappingHandlerAdapter : ControllerAdvice beans: 0 @ModelAttribute, 0 @InitBinder, 1 RequestBodyAdvice, 1 ResponseBodyAdvice
2019-08-14 15:34:08.057  WARN 1732 --- [main] aWebConfiguration$JpaWebMvcConfiguration : spring.jpa.open-in-view is enabled by default. Therefore, database queries may be performed during view rendering. Explicitly configure spring.jpa.open-in-view to disable this warning
2019-08-14 15:34:08.104 DEBUG 1732 --- [main] s.w.s.m.m.a.RequestMappingHandlerMapping : 21 mappings in 'requestMappingHandlerMapping'
2019-08-14 15:34:08.120 DEBUG 1732 --- [main] o.s.w.s.handler.SimpleUrlHandlerMapping  : Patterns [/login] in 'viewControllerHandlerMapping'
2019-08-14 15:34:08.135 DEBUG 1732 --- [main] o.s.w.s.handler.SimpleUrlHandlerMapping  : Patterns [/webjars/**, /**] in 'resourceHandlerMapping'
2019-08-14 15:34:08.151 DEBUG 1732 --- [main] .m.m.a.ExceptionHandlerExceptionResolver : ControllerAdvice beans: 1 @ExceptionHandler, 1 ResponseBodyAdvice
2019-08-14 15:34:08.214  INFO 1732 --- [main] o.s.b.a.w.s.WelcomePageHandlerMapping    : Adding welcome page template: index
2019-08-14 15:34:08.542  INFO 1732 --- [main] o.s.b.w.embedded.tomcat.TomcatWebServer  : Tomcat started on port(s): 8080 (http) with context path ''
2019-08-14 15:34:08.554  INFO 1732 --- [main] c.b.app.WebsitestillparserApplication    : Started WebsitestillparserApplication in 16.178 seconds (JVM running for 19.333)
2019-08-14 15:34:25.030  INFO 1732 --- [http-nio-8080-exec-1] o.a.c.c.C.[Tomcat].[localhost].[/]       : Initializing Spring DispatcherServlet 'dispatcherServlet'
2019-08-14 15:34:25.191  INFO 1732 --- [http-nio-8080-exec-1] o.s.web.servlet.DispatcherServlet        : Initializing Servlet 'dispatcherServlet'
2019-08-14 15:34:25.192 DEBUG 1732 --- [http-nio-8080-exec-1] o.s.web.servlet.DispatcherServlet        : Detected StandardServletMultipartResolver
2019-08-14 15:34:25.207 DEBUG 1732 --- [http-nio-8080-exec-1] o.s.web.servlet.DispatcherServlet        : enableLoggingRequestDetails='false': request parameters and headers will be masked to prevent unsafe logging of potentially sensitive data
2019-08-14 15:34:25.208  INFO 1732 --- [http-nio-8080-exec-1] o.s.web.servlet.DispatcherServlet        : Completed initialization in 16 ms
2019-08-14 15:34:27.499 DEBUG 1732 --- [http-nio-8080-exec-2] o.s.web.servlet.DispatcherServlet        : GET "/login", parameters={}
2019-08-14 15:34:27.507 DEBUG 1732 --- [http-nio-8080-exec-2] o.s.w.s.handler.SimpleUrlHandlerMapping  : Mapped to ParameterizableViewController [view="login"]
2019-08-14 15:34:27.520 DEBUG 1732 --- [http-nio-8080-exec-2] o.s.w.s.v.ContentNegotiatingViewResolver : Selected 'text/html' given [text/html, application/xhtml+xml, image/webp, image/apng, application/signed-exchange;v=b3, application/xml;q=0.9, */*;q=0.8]
2019-08-14 15:34:27.520 DEBUG 1732 --- [http-nio-8080-exec-2] o.s.web.servlet.view.JstlView            : View name 'login', model {}
2019-08-14 15:34:27.554 DEBUG 1732 --- [http-nio-8080-exec-2] o.s.web.servlet.view.JstlView            : Forwarding to [/WEB-INF/jsp/login.jsp]
2019-08-14 15:34:27.812 DEBUG 1732 --- [http-nio-8080-exec-4] o.s.web.servlet.DispatcherServlet        : GET "/login", parameters={}
2019-08-14 15:34:27.835 DEBUG 1732 --- [http-nio-8080-exec-4] o.s.w.s.handler.SimpleUrlHandlerMapping  : Mapped to ParameterizableViewController [view="login"]
2019-08-14 15:34:27.839 DEBUG 1732 --- [http-nio-8080-exec-4] o.s.w.s.v.ContentNegotiatingViewResolver : Selected 'text/html' given [text/html, application/xhtml+xml, image/webp, image/apng, application/signed-exchange;v=b3, application/xml;q=0.9, */*;q=0.8]
2019-08-14 15:34:27.839 DEBUG 1732 --- [http-nio-8080-exec-4] o.s.web.servlet.view.JstlView            : View name 'login', model {}
2019-08-14 15:34:27.841 DEBUG 1732 --- [http-nio-8080-exec-4] o.s.web.servlet.view.JstlView            : Forwarding to [/WEB-INF/jsp/login.jsp]
2019-08-14 15:34:33.684 DEBUG 1732 --- [http-nio-8080-exec-2] o.s.web.servlet.DispatcherServlet        : Completed 200 OK
2019-08-14 15:34:33.684 DEBUG 1732 --- [http-nio-8080-exec-4] o.s.web.servlet.DispatcherServlet        : Completed 200 OK
2019-08-14 15:34:38.617 DEBUG 1732 --- [http-nio-8080-exec-8] o.s.web.servlet.DispatcherServlet        : GET "/", parameters={}
2019-08-14 15:34:38.622 DEBUG 1732 --- [http-nio-8080-exec-8] o.s.w.s.v.ContentNegotiatingViewResolver : Selected 'text/html' given [text/html, application/xhtml+xml, image/webp, image/apng, application/signed-exchange;v=b3, application/xml;q=0.9, */*;q=0.8]
2019-08-14 15:34:38.623 DEBUG 1732 --- [http-nio-8080-exec-8] o.s.web.servlet.view.JstlView            : View name 'index', model {}
2019-08-14 15:34:38.623 DEBUG 1732 --- [http-nio-8080-exec-8] o.s.web.servlet.view.JstlView            : Forwarding to [/WEB-INF/jsp/index.jsp]
2019-08-14 15:34:38.919 DEBUG 1732 --- [http-nio-8080-exec-8] o.s.web.servlet.DispatcherServlet        : Completed 200 OK
2019-08-14 15:34:42.067 DEBUG 1732 --- [http-nio-8080-exec-9] o.s.web.servlet.DispatcherServlet        : GET "/linksForResources/show/all", parameters={}
2019-08-14 15:34:42.071 DEBUG 1732 --- [http-nio-8080-exec-9] s.w.s.m.m.a.RequestMappingHandlerMapping : Mapped to public java.lang.String com.berzenin.app.web.controller.GenericViewControllerImpl.findAll(org.springframework.ui.Model)
2019-08-14 15:34:42.199  INFO 1732 --- [http-nio-8080-exec-9] o.h.h.i.QueryTranslatorFactoryInitiator  : HHH000397: Using ASTQueryTranslatorFactory
2019-08-14 15:34:42.607 DEBUG 1732 --- [http-nio-8080-exec-9] o.s.w.s.v.ContentNegotiatingViewResolver : Selected 'text/html' given [text/html, application/xhtml+xml, image/webp, image/apng, application/signed-exchange;v=b3, application/xml;q=0.9, */*;q=0.8]
2019-08-14 15:34:42.608 DEBUG 1732 --- [http-nio-8080-exec-9] o.s.web.servlet.view.JstlView            : View name 'linksForResources', model {entityFor=LinkForMetalResources(id=0, host=null, resourcesType=null, urlForResource=null, localPathForPdfFile=null, localPathForTxtFile=null), countPage=null, page=linksForResources, message=All entity, listOfEntites=[], org.springframework.validation.BindingResult.entityFor=org.springframework.validation.BeanPropertyBindingResult: 0 errors}
2019-08-14 15:34:42.608 DEBUG 1732 --- [http-nio-8080-exec-9] o.s.web.servlet.view.JstlView            : Forwarding to [/WEB-INF/jsp/linksForResources.jsp]
2019-08-14 15:34:43.091 DEBUG 1732 --- [http-nio-8080-exec-9] o.s.web.servlet.DispatcherServlet        : Completed 200 OK
2019-08-14 15:35:12.797 DEBUG 1732 --- [http-nio-8080-exec-1] o.s.web.servlet.DispatcherServlet        : POST "/linksForResources/addPdfFile", parameters={masked}
2019-08-14 15:35:12.844 DEBUG 1732 --- [http-nio-8080-exec-1] s.w.s.m.m.a.RequestMappingHandlerMapping : Mapped to public java.lang.String com.berzenin.app.web.controller.LinkMetalResourcesController.addPdfFile(org.springframework.web.multipart.MultipartFile,org.springframework.ui.Model)
2019-08-14 15:35:15.628 DEBUG 1732 --- [http-nio-8080-exec-1] o.s.w.s.v.ContentNegotiatingViewResolver : Selected 'text/html' given [text/html, application/xhtml+xml, image/webp, image/apng, application/signed-exchange;v=b3, application/xml;q=0.9, */*;q=0.8]
2019-08-14 15:35:15.629 DEBUG 1732 --- [http-nio-8080-exec-1] o.s.web.servlet.view.JstlView            : View name 'linksForResources', model {entityFor=LinkForMetalResources(id=0, host=null, resourcesType=null, urlForResource=null, localPathForPdfFile=null, localPathForTxtFile=null), countPage=[1], page=linksForResources, message=All entity All entity from 1, listOfEntites=[LinkForMetalResources(id=44, host=localhost, resourcesType=LOCAL_PDF, urlForResource=..\web-metal-searcher\src\main\resources\localfiles\FilippBerzeninENG.pdf, localPathForPdfFile=..\web-metal-searcher\src\main\resources\localfiles\FilippBerzeninENG.pdf, localPathForTxtFile=..\web-metal-searcher\src\main\resources\localfiles\FilippBerzeninENG.txt)], org.springframework.validation.BindingResult.entityFor=org.springframework.validation.BeanPropertyBindingResult: 0 errors}
2019-08-14 15:35:15.630 DEBUG 1732 --- [http-nio-8080-exec-1] o.s.web.servlet.view.JstlView            : Forwarding to [/WEB-INF/jsp/linksForResources.jsp]
2019-08-14 15:35:15.663 DEBUG 1732 --- [http-nio-8080-exec-1] o.s.web.servlet.DispatcherServlet        : Completed 200 OK
2019-08-14 15:35:52.101 DEBUG 1732 --- [http-nio-8080-exec-2] o.s.web.servlet.DispatcherServlet        : POST "/linksForResources/create/", parameters={masked}
2019-08-14 15:35:52.105 DEBUG 1732 --- [http-nio-8080-exec-2] s.w.s.m.m.a.RequestMappingHandlerMapping : Mapped to public java.lang.String com.berzenin.app.web.controller.LinkMetalResourcesController.add(com.berzenin.app.model.LinkForMetalResources,org.springframework.validation.BindingResult,org.springframework.ui.Model)
2019-08-14 15:35:52.174  INFO 1732 --- [http-nio-8080-exec-2] c.b.a.s.LinkForMetalResourcesService     : Entity: LinkForMetalResources(id=0, host=www.remystahl.de, resourcesType=REMOTE_PDF, urlForResource=https://www.remystahl.de/fileadmin/user_upload/downloads/Lieferprogramm_Remystahl.pdf, localPathForPdfFile=..\web-metal-searcher\src\main\resources\www.remystahl.de\Lieferprogramm_Remystahl.pdf, localPathForTxtFile=..\web-metal-searcher\src\main\resources\www.remystahl.de\Lieferprogramm_Remystahl.txt)
2019-08-14 15:36:06.692  INFO 1732 --- [http-nio-8080-exec-2] o.a.pdfbox.pdmodel.font.PDCIDFontType2   : OpenType Layout tables used in font ArialMT are not implemented in PDFBox and will be ignored
2019-08-14 15:36:06.704  INFO 1732 --- [http-nio-8080-exec-2] o.a.pdfbox.pdmodel.font.PDCIDFontType2   : OpenType Layout tables used in font Arial-BoldMT are not implemented in PDFBox and will be ignored
2019-08-14 15:36:06.813 DEBUG 1732 --- [http-nio-8080-exec-2] o.s.w.s.v.ContentNegotiatingViewResolver : Selected 'text/html' given [text/html, application/xhtml+xml, image/webp, image/apng, application/signed-exchange;v=b3, application/xml;q=0.9, */*;q=0.8]
2019-08-14 15:36:06.813 DEBUG 1732 --- [http-nio-8080-exec-2] o.s.web.servlet.view.JstlView            : View name 'linksForResources', model {entityFor=LinkForMetalResources(id=0, host=null, resourcesType=null, urlForResource=null, localPathForPdfFile=null, localPathForTxtFile=null), entity=LinkForMetalResources(id=0, host=null, resourcesType=REMOTE_PDF, urlForResource=https://www.remystahl.de/fileadmin/user_upload/downloads/Lieferprogramm_Remystahl.pdf, localPathForPdfFile=null, localPathForTxtFile=null), org.springframework.validation.BindingResult.entity=org.springframework.validation.BeanPropertyBindingResult: 0 errors, countPage=[1], page=linksForResources, message=All entity All entity from 1, listOfEntites=[LinkForMetalResources(id=45, host=www.remystahl.de, resourcesType=REMOTE_PDF, urlForResource=https://www.remystahl.de/fileadmin/user_upload/downloads/Lieferprogramm_Remystahl.pdf, localPathForPdfFile=..\web-metal-searcher\src\main\resources\www.remystahl.de\Lieferprogramm_Remystahl.pdf, localPathForTxtFile=..\web-metal-searcher\src\main\resources\www.remystahl.de\Lieferprogramm_Remystahl.txt), LinkForMetalResources(id=44, host=localhost, resourcesType=LOCAL_PDF, urlForResource=..\web-metal-searcher\src\main\resources\localfiles\FilippBerzeninENG.pdf, localPathForPdfFile=..\web-metal-searcher\src\main\resources\localfiles\FilippBerzeninENG.pdf, localPathForTxtFile=..\web-metal-searcher\src\main\resources\localfiles\FilippBerzeninENG.txt)], org.springframework.validation.BindingResult.entityFor=org.springframework.validation.BeanPropertyBindingResult: 0 errors}
2019-08-14 15:36:06.814 DEBUG 1732 --- [http-nio-8080-exec-2] o.s.web.servlet.view.JstlView            : Forwarding to [/WEB-INF/jsp/linksForResources.jsp]
2019-08-14 15:36:06.818 DEBUG 1732 --- [http-nio-8080-exec-2] o.s.web.servlet.DispatcherServlet        : Completed 201 CREATED
2019-08-14 15:36:21.964 DEBUG 1732 --- [http-nio-8080-exec-8] o.s.web.servlet.DispatcherServlet        : POST "/linksForResources/create/", parameters={masked}
2019-08-14 15:36:21.967 DEBUG 1732 --- [http-nio-8080-exec-8] s.w.s.m.m.a.RequestMappingHandlerMapping : Mapped to public java.lang.String com.berzenin.app.web.controller.LinkMetalResourcesController.add(com.berzenin.app.model.LinkForMetalResources,org.springframework.validation.BindingResult,org.springframework.ui.Model)
2019-08-14 15:36:21.970 ERROR 1732 --- [http-nio-8080-exec-8] c.b.a.s.utils.LocalFilesController       : no protocol: 
2019-08-14 15:36:21.971 ERROR 1732 --- [http-nio-8080-exec-8] c.b.a.s.utils.LocalFilesController       : no protocol: 
2019-08-14 15:36:22.168 DEBUG 1732 --- [http-nio-8080-exec-8] o.s.w.s.v.ContentNegotiatingViewResolver : Selected 'text/html' given [text/html, application/xhtml+xml, image/webp, image/apng, application/signed-exchange;v=b3, application/xml;q=0.9, */*;q=0.8]
2019-08-14 15:36:22.168 DEBUG 1732 --- [http-nio-8080-exec-8] o.s.web.servlet.view.JstlView            : View name 'linksForResources', model {entityFor=LinkForMetalResources(id=0, host=null, resourcesType=null, urlForResource=null, localPathForPdfFile=null, localPathForTxtFile=null), entity=LinkForMetalResources(id=0, host=null, resourcesType=null, urlForResource=, localPathForPdfFile=null, localPathForTxtFile=null), org.springframework.validation.BindingResult.entity=org.springframework.validation.BeanPropertyBindingResult: 0 errors, countPage=[1], page=linksForResources, message=All entity All entity from 1, listOfEntites=[LinkForMetalResources(id=45, host=www.remystahl.de, resourcesType=REMOTE_PDF, urlForResource=https://www.remystahl.de/fileadmin/user_upload/downloads/Lieferprogramm_Remystahl.pdf, localPathForPdfFile=..\web-metal-searcher\src\main\resources\www.remystahl.de\Lieferprogramm_Remystahl.pdf, localPathForTxtFile=..\web-metal-searcher\src\main\resources\www.remystahl.de\Lieferprogramm_Remystahl.txt), LinkForMetalResources(id=44, host=localhost, resourcesType=LOCAL_PDF, urlForResource=..\web-metal-searcher\src\main\resources\localfiles\FilippBerzeninENG.pdf, localPathForPdfFile=..\web-metal-searcher\src\main\resources\localfiles\FilippBerzeninENG.pdf, localPathForTxtFile=..\web-metal-searcher\src\main\resources\localfiles\FilippBerzeninENG.txt)], org.springframework.validation.BindingResult.entityFor=org.springframework.validation.BeanPropertyBindingResult: 0 errors}
2019-08-14 15:36:22.169 DEBUG 1732 --- [http-nio-8080-exec-8] o.s.web.servlet.view.JstlView            : Forwarding to [/WEB-INF/jsp/linksForResources.jsp]
2019-08-14 15:36:22.176 DEBUG 1732 --- [http-nio-8080-exec-8] o.s.web.servlet.DispatcherServlet        : Completed 201 CREATED
2019-08-14 15:37:52.112  INFO 1732 --- [RMI TCP Connection(2)-127.0.0.1] inMXBeanRegistrar$SpringApplicationAdmin : Application shutdown requested.
2019-08-14 15:37:52.116  INFO 1732 --- [RMI TCP Connection(2)-127.0.0.1] o.s.s.concurrent.ThreadPoolTaskExecutor  : Shutting down ExecutorService 'applicationTaskExecutor'
2019-08-14 15:37:52.118  INFO 1732 --- [RMI TCP Connection(2)-127.0.0.1] j.LocalContainerEntityManagerFactoryBean : Closing JPA EntityManagerFactory for persistence unit 'default'
2019-08-14 15:37:52.123  INFO 1732 --- [RMI TCP Connection(2)-127.0.0.1] com.zaxxer.hikari.HikariDataSource       : HikariPool-1 - Shutdown initiated...
2019-08-14 15:37:52.135  INFO 1732 --- [RMI TCP Connection(2)-127.0.0.1] com.zaxxer.hikari.HikariDataSource       : HikariPool-1 - Shutdown completed.
2019-08-14 15:40:26.278  INFO 5200 --- [main] c.b.app.WebsitestillparserApplication    : Starting WebsitestillparserApplication on Home with PID 5200 (C:\workspace\Web-metal-searcher\target\classes started by Fylyp in C:\workspace\Web-metal-searcher)
2019-08-14 15:40:26.278  INFO 5200 --- [main] c.b.app.WebsitestillparserApplication    : No active profile set, falling back to default profiles: default
2019-08-14 15:40:27.325  INFO 5200 --- [main] .s.d.r.c.RepositoryConfigurationDelegate : Bootstrapping Spring Data repositories in DEFAULT mode.
2019-08-14 15:40:27.458  INFO 5200 --- [main] .s.d.r.c.RepositoryConfigurationDelegate : Finished Spring Data repository scanning in 125ms. Found 1 repository interfaces.
2019-08-14 15:40:27.880  INFO 5200 --- [main] trationDelegate$BeanPostProcessorChecker : Bean 'org.springframework.transaction.annotation.ProxyTransactionManagementConfiguration' of type [org.springframework.transaction.annotation.ProxyTransactionManagementConfiguration$$EnhancerBySpringCGLIB$$39de920b] is not eligible for getting processed by all BeanPostProcessors (for example: not eligible for auto-proxying)
2019-08-14 15:40:28.239  INFO 5200 --- [main] o.s.b.w.embedded.tomcat.TomcatWebServer  : Tomcat initialized with port(s): 8080 (http)
2019-08-14 15:40:28.270  INFO 5200 --- [main] o.apache.catalina.core.StandardService   : Starting service [Tomcat]
2019-08-14 15:40:28.270  INFO 5200 --- [main] org.apache.catalina.core.StandardEngine  : Starting Servlet engine: [Apache Tomcat/9.0.21]
2019-08-14 15:40:28.817  INFO 5200 --- [main] org.apache.jasper.servlet.TldScanner     : At least one JAR was scanned for TLDs yet contained no TLDs. Enable debug logging for this logger for a complete list of JARs that were scanned but no TLDs were found in them. Skipping unneeded JARs during scanning can improve startup time and JSP compilation time.
2019-08-14 15:40:28.833  INFO 5200 --- [main] o.a.c.c.C.[Tomcat].[localhost].[/]       : Initializing Spring embedded WebApplicationContext
2019-08-14 15:40:28.833 DEBUG 5200 --- [main] o.s.web.context.ContextLoader            : Published root WebApplicationContext as ServletContext attribute with name [org.springframework.web.context.WebApplicationContext.ROOT]
2019-08-14 15:40:28.833  INFO 5200 --- [main] o.s.web.context.ContextLoader            : Root WebApplicationContext: initialization completed in 2492 ms
2019-08-14 15:40:29.021  INFO 5200 --- [main] com.zaxxer.hikari.HikariDataSource       : HikariPool-1 - Starting...
2019-08-14 15:40:29.208  INFO 5200 --- [main] com.zaxxer.hikari.HikariDataSource       : HikariPool-1 - Start completed.
2019-08-14 15:40:29.286  INFO 5200 --- [main] o.hibernate.jpa.internal.util.LogHelper  : HHH000204: Processing PersistenceUnitInfo [
	name: default
	...]
2019-08-14 15:40:29.505  INFO 5200 --- [main] org.hibernate.Version                    : HHH000412: Hibernate Core {5.3.10.Final}
2019-08-14 15:40:29.505  INFO 5200 --- [main] org.hibernate.cfg.Environment            : HHH000206: hibernate.properties not found
2019-08-14 15:40:29.739  INFO 5200 --- [main] o.hibernate.annotations.common.Version   : HCANN000001: Hibernate Commons Annotations {5.0.4.Final}
2019-08-14 15:40:29.974  INFO 5200 --- [main] org.hibernate.dialect.Dialect            : HHH000400: Using dialect: org.hibernate.dialect.PostgreSQLDialect
2019-08-14 15:40:30.018  INFO 5200 --- [main] o.h.e.j.e.i.LobCreatorBuilderImpl        : HHH000422: Disabling contextual LOB creation as connection was null
2019-08-14 15:40:30.018  INFO 5200 --- [main] org.hibernate.type.BasicTypeRegistry     : HHH000270: Type registration [java.util.UUID] overrides previous : org.hibernate.type.UUIDBinaryType@633cc6b5
2019-08-14 15:40:30.784  INFO 5200 --- [main] j.LocalContainerEntityManagerFactoryBean : Initialized JPA EntityManagerFactory for persistence unit 'default'
2019-08-14 15:40:32.112  WARN 5200 --- [main] o.s.security.core.userdetails.User       : User.withDefaultPasswordEncoder() is considered unsafe for production and is only intended for sample applications.
2019-08-14 15:40:32.355  INFO 5200 --- [main] o.s.s.web.DefaultSecurityFilterChain     : Creating filter chain: any request, [org.springframework.security.web.context.request.async.WebAsyncManagerIntegrationFilter@4ad896f7, org.springframework.security.web.context.SecurityContextPersistenceFilter@43c0c13a, org.springframework.security.web.header.HeaderWriterFilter@5486ee92, org.springframework.security.web.csrf.CsrfFilter@4b544732, org.springframework.security.web.authentication.logout.LogoutFilter@32b46831, org.springframework.security.web.authentication.UsernamePasswordAuthenticationFilter@59baf2c7, org.springframework.security.web.savedrequest.RequestCacheAwareFilter@67941d, org.springframework.security.web.servletapi.SecurityContextHolderAwareRequestFilter@55fb36de, org.springframework.security.web.authentication.AnonymousAuthenticationFilter@c318864, org.springframework.security.web.session.SessionManagementFilter@9e62fb, org.springframework.security.web.access.ExceptionTranslationFilter@1186374c, org.springframework.security.web.access.intercept.FilterSecurityInterceptor@7ab33ca8]
2019-08-14 15:40:32.402 DEBUG 5200 --- [main] o.s.w.s.handler.SimpleUrlHandlerMapping  : Patterns [/**/favicon.ico] in 'faviconHandlerMapping'
2019-08-14 15:40:32.558  INFO 5200 --- [main] o.s.s.concurrent.ThreadPoolTaskExecutor  : Initializing ExecutorService 'applicationTaskExecutor'
2019-08-14 15:40:32.574 DEBUG 5200 --- [main] s.w.s.m.m.a.RequestMappingHandlerAdapter : ControllerAdvice beans: 0 @ModelAttribute, 0 @InitBinder, 1 RequestBodyAdvice, 1 ResponseBodyAdvice
2019-08-14 15:40:32.621  WARN 5200 --- [main] aWebConfiguration$JpaWebMvcConfiguration : spring.jpa.open-in-view is enabled by default. Therefore, database queries may be performed during view rendering. Explicitly configure spring.jpa.open-in-view to disable this warning
2019-08-14 15:40:32.668 DEBUG 5200 --- [main] s.w.s.m.m.a.RequestMappingHandlerMapping : 21 mappings in 'requestMappingHandlerMapping'
2019-08-14 15:40:32.683 DEBUG 5200 --- [main] o.s.w.s.handler.SimpleUrlHandlerMapping  : Patterns [/login] in 'viewControllerHandlerMapping'
2019-08-14 15:40:32.699 DEBUG 5200 --- [main] o.s.w.s.handler.SimpleUrlHandlerMapping  : Patterns [/webjars/**, /**] in 'resourceHandlerMapping'
2019-08-14 15:40:32.715 DEBUG 5200 --- [main] .m.m.a.ExceptionHandlerExceptionResolver : ControllerAdvice beans: 1 @ExceptionHandler, 1 ResponseBodyAdvice
2019-08-14 15:40:32.746  INFO 5200 --- [main] o.s.b.a.w.s.WelcomePageHandlerMapping    : Adding welcome page template: index
2019-08-14 15:40:32.918  INFO 5200 --- [main] o.s.b.w.embedded.tomcat.TomcatWebServer  : Tomcat started on port(s): 8080 (http) with context path ''
2019-08-14 15:40:32.918  INFO 5200 --- [main] c.b.app.WebsitestillparserApplication    : Started WebsitestillparserApplication in 7.133 seconds (JVM running for 8.446)
2019-08-14 15:40:41.700  INFO 5200 --- [http-nio-8080-exec-1] o.a.c.c.C.[Tomcat].[localhost].[/]       : Initializing Spring DispatcherServlet 'dispatcherServlet'
2019-08-14 15:40:41.701  INFO 5200 --- [http-nio-8080-exec-1] o.s.web.servlet.DispatcherServlet        : Initializing Servlet 'dispatcherServlet'
2019-08-14 15:40:41.702 DEBUG 5200 --- [http-nio-8080-exec-1] o.s.web.servlet.DispatcherServlet        : Detected StandardServletMultipartResolver
2019-08-14 15:40:41.752 DEBUG 5200 --- [http-nio-8080-exec-1] o.s.web.servlet.DispatcherServlet        : enableLoggingRequestDetails='false': request parameters and headers will be masked to prevent unsafe logging of potentially sensitive data
2019-08-14 15:40:41.754  INFO 5200 --- [http-nio-8080-exec-1] o.s.web.servlet.DispatcherServlet        : Completed initialization in 52 ms
2019-08-14 15:40:42.044 DEBUG 5200 --- [http-nio-8080-exec-1] o.s.web.servlet.DispatcherServlet        : GET "/login", parameters={}
2019-08-14 15:40:42.052 DEBUG 5200 --- [http-nio-8080-exec-1] o.s.w.s.handler.SimpleUrlHandlerMapping  : Mapped to ParameterizableViewController [view="login"]
2019-08-14 15:40:42.061 DEBUG 5200 --- [http-nio-8080-exec-1] o.s.w.s.v.ContentNegotiatingViewResolver : Selected 'text/html' given [text/html, application/xhtml+xml, image/webp, image/apng, application/signed-exchange;v=b3, application/xml;q=0.9, */*;q=0.8]
2019-08-14 15:40:42.061 DEBUG 5200 --- [http-nio-8080-exec-1] o.s.web.servlet.view.JstlView            : View name 'login', model {}
2019-08-14 15:40:42.066 DEBUG 5200 --- [http-nio-8080-exec-1] o.s.web.servlet.view.JstlView            : Forwarding to [/WEB-INF/jsp/login.jsp]
2019-08-14 15:40:42.667 DEBUG 5200 --- [http-nio-8080-exec-1] o.s.web.servlet.DispatcherServlet        : Completed 200 OK
2019-08-14 15:40:44.764 DEBUG 5200 --- [http-nio-8080-exec-3] o.s.web.servlet.DispatcherServlet        : GET "/", parameters={}
2019-08-14 15:40:44.767 DEBUG 5200 --- [http-nio-8080-exec-3] o.s.w.s.v.ContentNegotiatingViewResolver : Selected 'text/html' given [text/html, application/xhtml+xml, image/webp, image/apng, application/signed-exchange;v=b3, application/xml;q=0.9, */*;q=0.8]
2019-08-14 15:40:44.768 DEBUG 5200 --- [http-nio-8080-exec-3] o.s.web.servlet.view.JstlView            : View name 'index', model {}
2019-08-14 15:40:44.768 DEBUG 5200 --- [http-nio-8080-exec-3] o.s.web.servlet.view.JstlView            : Forwarding to [/WEB-INF/jsp/index.jsp]
2019-08-14 15:40:45.002 DEBUG 5200 --- [http-nio-8080-exec-3] o.s.web.servlet.DispatcherServlet        : Completed 200 OK
2019-08-14 15:40:46.435 DEBUG 5200 --- [http-nio-8080-exec-6] o.s.web.servlet.DispatcherServlet        : GET "/linksForResources/show/all", parameters={}
2019-08-14 15:40:46.441 DEBUG 5200 --- [http-nio-8080-exec-6] s.w.s.m.m.a.RequestMappingHandlerMapping : Mapped to public java.lang.String com.berzenin.app.web.controller.GenericViewControllerImpl.findAll(org.springframework.ui.Model)
2019-08-14 15:40:46.501  INFO 5200 --- [http-nio-8080-exec-6] o.h.h.i.QueryTranslatorFactoryInitiator  : HHH000397: Using ASTQueryTranslatorFactory
2019-08-14 15:40:46.648 DEBUG 5200 --- [http-nio-8080-exec-6] o.s.w.s.v.ContentNegotiatingViewResolver : Selected 'text/html' given [text/html, application/xhtml+xml, image/webp, image/apng, application/signed-exchange;v=b3, application/xml;q=0.9, */*;q=0.8]
2019-08-14 15:40:46.648 DEBUG 5200 --- [http-nio-8080-exec-6] o.s.web.servlet.view.JstlView            : View name 'linksForResources', model {entityFor=LinkForMetalResources(id=0, host=null, resourcesType=null, urlForResource=null, localPathForPdfFile=null, localPathForTxtFile=null), countPage=null, page=linksForResources, message=All entity, listOfEntites=[LinkForMetalResources(id=44, host=localhost, resourcesType=LOCAL_PDF, urlForResource=..\web-metal-searcher\src\main\resources\localfiles\FilippBerzeninENG.pdf, localPathForPdfFile=..\web-metal-searcher\src\main\resources\localfiles\FilippBerzeninENG.pdf, localPathForTxtFile=..\web-metal-searcher\src\main\resources\localfiles\FilippBerzeninENG.txt), LinkForMetalResources(id=45, host=www.remystahl.de, resourcesType=REMOTE_PDF, urlForResource=https://www.remystahl.de/fileadmin/user_upload/downloads/Lieferprogramm_Remystahl.pdf, localPathForPdfFile=..\web-metal-searcher\src\main\resources\www.remystahl.de\Lieferprogramm_Remystahl.pdf, localPathForTxtFile=..\web-metal-searcher\src\main\resources\www.remystahl.de\Lieferprogramm_Remystahl.txt)], org.springframework.validation.BindingResult.entityFor=org.springframework.validation.BeanPropertyBindingResult: 0 errors}
2019-08-14 15:40:46.649 DEBUG 5200 --- [http-nio-8080-exec-6] o.s.web.servlet.view.JstlView            : Forwarding to [/WEB-INF/jsp/linksForResources.jsp]
2019-08-14 15:40:47.081 DEBUG 5200 --- [http-nio-8080-exec-6] o.s.web.servlet.DispatcherServlet        : Completed 200 OK
2019-08-14 15:40:49.266 DEBUG 5200 --- [http-nio-8080-exec-7] o.s.web.servlet.DispatcherServlet        : POST "/linksForResources/create/", parameters={masked}
2019-08-14 15:40:49.268 DEBUG 5200 --- [http-nio-8080-exec-7] s.w.s.m.m.a.RequestMappingHandlerMapping : Mapped to public java.lang.String com.berzenin.app.web.controller.LinkMetalResourcesController.add(com.berzenin.app.model.LinkForMetalResources,org.springframework.validation.BindingResult,org.springframework.ui.Model)
2019-08-14 15:40:49.304 DEBUG 5200 --- [http-nio-8080-exec-7] o.s.w.s.v.ContentNegotiatingViewResolver : Selected 'text/html' given [text/html, application/xhtml+xml, image/webp, image/apng, application/signed-exchange;v=b3, application/xml;q=0.9, */*;q=0.8]
2019-08-14 15:40:49.304 DEBUG 5200 --- [http-nio-8080-exec-7] o.s.web.servlet.view.JstlView            : View name 'linksForResources', model {entityFor=LinkForMetalResources(id=0, host=null, resourcesType=null, urlForResource=null, localPathForPdfFile=null, localPathForTxtFile=null), entity=LinkForMetalResources(id=0, host=null, resourcesType=null, urlForResource=, localPathForPdfFile=null, localPathForTxtFile=null), org.springframework.validation.BindingResult.entity=org.springframework.validation.BeanPropertyBindingResult: 0 errors, countPage=[1], page=linksForResources, message=All entity All entity from 1, listOfEntites=[LinkForMetalResources(id=44, host=localhost, resourcesType=LOCAL_PDF, urlForResource=..\web-metal-searcher\src\main\resources\localfiles\FilippBerzeninENG.pdf, localPathForPdfFile=..\web-metal-searcher\src\main\resources\localfiles\FilippBerzeninENG.pdf, localPathForTxtFile=..\web-metal-searcher\src\main\resources\localfiles\FilippBerzeninENG.txt), LinkForMetalResources(id=45, host=www.remystahl.de, resourcesType=REMOTE_PDF, urlForResource=https://www.remystahl.de/fileadmin/user_upload/downloads/Lieferprogramm_Remystahl.pdf, localPathForPdfFile=..\web-metal-searcher\src\main\resources\www.remystahl.de\Lieferprogramm_Remystahl.pdf, localPathForTxtFile=..\web-metal-searcher\src\main\resources\www.remystahl.de\Lieferprogramm_Remystahl.txt)], org.springframework.validation.BindingResult.entityFor=org.springframework.validation.BeanPropertyBindingResult: 0 errors}
2019-08-14 15:40:49.304 DEBUG 5200 --- [http-nio-8080-exec-7] o.s.web.servlet.view.JstlView            : Forwarding to [/WEB-INF/jsp/linksForResources.jsp]
2019-08-14 15:40:49.311 DEBUG 5200 --- [http-nio-8080-exec-7] o.s.web.servlet.DispatcherServlet        : Completed 201 CREATED
2019-08-14 15:41:08.800 DEBUG 5200 --- [http-nio-8080-exec-8] o.s.web.servlet.DispatcherServlet        : POST "/linksForResources/create/", parameters={masked}
2019-08-14 15:41:08.801 DEBUG 5200 --- [http-nio-8080-exec-8] s.w.s.m.m.a.RequestMappingHandlerMapping : Mapped to public java.lang.String com.berzenin.app.web.controller.LinkMetalResourcesController.add(com.berzenin.app.model.LinkForMetalResources,org.springframework.validation.BindingResult,org.springframework.ui.Model)
2019-08-14 15:41:08.810 DEBUG 5200 --- [http-nio-8080-exec-8] o.s.w.s.v.ContentNegotiatingViewResolver : Selected 'text/html' given [text/html, application/xhtml+xml, image/webp, image/apng, application/signed-exchange;v=b3, application/xml;q=0.9, */*;q=0.8]
2019-08-14 15:41:08.810 DEBUG 5200 --- [http-nio-8080-exec-8] o.s.web.servlet.view.JstlView            : View name 'linksForResources', model {entityFor=LinkForMetalResources(id=0, host=null, resourcesType=null, urlForResource=null, localPathForPdfFile=null, localPathForTxtFile=null), entity=LinkForMetalResources(id=0, host=null, resourcesType=null, urlForResource=, localPathForPdfFile=null, localPathForTxtFile=null), org.springframework.validation.BindingResult.entity=org.springframework.validation.BeanPropertyBindingResult: 0 errors, countPage=[1], page=linksForResources, message=All entity All entity from 1, listOfEntites=[LinkForMetalResources(id=44, host=localhost, resourcesType=LOCAL_PDF, urlForResource=..\web-metal-searcher\src\main\resources\localfiles\FilippBerzeninENG.pdf, localPathForPdfFile=..\web-metal-searcher\src\main\resources\localfiles\FilippBerzeninENG.pdf, localPathForTxtFile=..\web-metal-searcher\src\main\resources\localfiles\FilippBerzeninENG.txt), LinkForMetalResources(id=45, host=www.remystahl.de, resourcesType=REMOTE_PDF, urlForResource=https://www.remystahl.de/fileadmin/user_upload/downloads/Lieferprogramm_Remystahl.pdf, localPathForPdfFile=..\web-metal-searcher\src\main\resources\www.remystahl.de\Lieferprogramm_Remystahl.pdf, localPathForTxtFile=..\web-metal-searcher\src\main\resources\www.remystahl.de\Lieferprogramm_Remystahl.txt)], org.springframework.validation.BindingResult.entityFor=org.springframework.validation.BeanPropertyBindingResult: 0 errors}
2019-08-14 15:41:08.811 DEBUG 5200 --- [http-nio-8080-exec-8] o.s.web.servlet.view.JstlView            : Forwarding to [/WEB-INF/jsp/linksForResources.jsp]
2019-08-14 15:41:08.817 DEBUG 5200 --- [http-nio-8080-exec-8] o.s.web.servlet.DispatcherServlet        : Completed 201 CREATED
2019-08-14 15:41:37.355  INFO 5200 --- [RMI TCP Connection(2)-127.0.0.1] inMXBeanRegistrar$SpringApplicationAdmin : Application shutdown requested.
2019-08-14 15:41:37.359  INFO 5200 --- [RMI TCP Connection(2)-127.0.0.1] o.s.s.concurrent.ThreadPoolTaskExecutor  : Shutting down ExecutorService 'applicationTaskExecutor'
2019-08-14 15:41:37.365  INFO 5200 --- [RMI TCP Connection(2)-127.0.0.1] j.LocalContainerEntityManagerFactoryBean : Closing JPA EntityManagerFactory for persistence unit 'default'
2019-08-14 15:41:37.371  INFO 5200 --- [RMI TCP Connection(2)-127.0.0.1] com.zaxxer.hikari.HikariDataSource       : HikariPool-1 - Shutdown initiated...
2019-08-14 15:41:37.398  INFO 5200 --- [RMI TCP Connection(2)-127.0.0.1] com.zaxxer.hikari.HikariDataSource       : HikariPool-1 - Shutdown completed.
2019-08-14 15:41:48.485  INFO 6752 --- [main] c.b.app.WebsitestillparserApplication    : Starting WebsitestillparserApplication on Home with PID 6752 (C:\workspace\Web-metal-searcher\target\classes started by Fylyp in C:\workspace\Web-metal-searcher)
2019-08-14 15:41:48.501  INFO 6752 --- [main] c.b.app.WebsitestillparserApplication    : No active profile set, falling back to default profiles: default
2019-08-14 15:41:49.688  INFO 6752 --- [main] .s.d.r.c.RepositoryConfigurationDelegate : Bootstrapping Spring Data repositories in DEFAULT mode.
2019-08-14 15:41:49.824  INFO 6752 --- [main] .s.d.r.c.RepositoryConfigurationDelegate : Finished Spring Data repository scanning in 125ms. Found 1 repository interfaces.
2019-08-14 15:41:50.308  INFO 6752 --- [main] trationDelegate$BeanPostProcessorChecker : Bean 'org.springframework.transaction.annotation.ProxyTransactionManagementConfiguration' of type [org.springframework.transaction.annotation.ProxyTransactionManagementConfiguration$$EnhancerBySpringCGLIB$$6325271] is not eligible for getting processed by all BeanPostProcessors (for example: not eligible for auto-proxying)
2019-08-14 15:41:50.699  INFO 6752 --- [main] o.s.b.w.embedded.tomcat.TomcatWebServer  : Tomcat initialized with port(s): 8080 (http)
2019-08-14 15:41:50.725  INFO 6752 --- [main] o.apache.catalina.core.StandardService   : Starting service [Tomcat]
2019-08-14 15:41:50.725  INFO 6752 --- [main] org.apache.catalina.core.StandardEngine  : Starting Servlet engine: [Apache Tomcat/9.0.21]
2019-08-14 15:41:51.382  INFO 6752 --- [main] org.apache.jasper.servlet.TldScanner     : At least one JAR was scanned for TLDs yet contained no TLDs. Enable debug logging for this logger for a complete list of JARs that were scanned but no TLDs were found in them. Skipping unneeded JARs during scanning can improve startup time and JSP compilation time.
2019-08-14 15:41:51.397  INFO 6752 --- [main] o.a.c.c.C.[Tomcat].[localhost].[/]       : Initializing Spring embedded WebApplicationContext
2019-08-14 15:41:51.397 DEBUG 6752 --- [main] o.s.web.context.ContextLoader            : Published root WebApplicationContext as ServletContext attribute with name [org.springframework.web.context.WebApplicationContext.ROOT]
2019-08-14 15:41:51.397  INFO 6752 --- [main] o.s.web.context.ContextLoader            : Root WebApplicationContext: initialization completed in 2818 ms
2019-08-14 15:41:51.616  INFO 6752 --- [main] com.zaxxer.hikari.HikariDataSource       : HikariPool-1 - Starting...
2019-08-14 15:41:51.772  INFO 6752 --- [main] com.zaxxer.hikari.HikariDataSource       : HikariPool-1 - Start completed.
2019-08-14 15:41:51.855  INFO 6752 --- [main] o.hibernate.jpa.internal.util.LogHelper  : HHH000204: Processing PersistenceUnitInfo [
	name: default
	...]
2019-08-14 15:41:52.105  INFO 6752 --- [main] org.hibernate.Version                    : HHH000412: Hibernate Core {5.3.10.Final}
2019-08-14 15:41:52.105  INFO 6752 --- [main] org.hibernate.cfg.Environment            : HHH000206: hibernate.properties not found
2019-08-14 15:41:52.448  INFO 6752 --- [main] o.hibernate.annotations.common.Version   : HCANN000001: Hibernate Commons Annotations {5.0.4.Final}
2019-08-14 15:41:52.792  INFO 6752 --- [main] org.hibernate.dialect.Dialect            : HHH000400: Using dialect: org.hibernate.dialect.PostgreSQLDialect
2019-08-14 15:41:52.826  INFO 6752 --- [main] o.h.e.j.e.i.LobCreatorBuilderImpl        : HHH000422: Disabling contextual LOB creation as connection was null
2019-08-14 15:41:52.826  INFO 6752 --- [main] org.hibernate.type.BasicTypeRegistry     : HHH000270: Type registration [java.util.UUID] overrides previous : org.hibernate.type.UUIDBinaryType@130a6eb9
2019-08-14 15:41:53.717  INFO 6752 --- [main] j.LocalContainerEntityManagerFactoryBean : Initialized JPA EntityManagerFactory for persistence unit 'default'
2019-08-14 15:41:55.326  WARN 6752 --- [main] o.s.security.core.userdetails.User       : User.withDefaultPasswordEncoder() is considered unsafe for production and is only intended for sample applications.
2019-08-14 15:41:55.706  INFO 6752 --- [main] o.s.s.web.DefaultSecurityFilterChain     : Creating filter chain: any request, [org.springframework.security.web.context.request.async.WebAsyncManagerIntegrationFilter@3462e99a, org.springframework.security.web.context.SecurityContextPersistenceFilter@7348e75e, org.springframework.security.web.header.HeaderWriterFilter@1a4ae53d, org.springframework.security.web.csrf.CsrfFilter@3e149513, org.springframework.security.web.authentication.logout.LogoutFilter@531bec12, org.springframework.security.web.authentication.UsernamePasswordAuthenticationFilter@69ed96e1, org.springframework.security.web.savedrequest.RequestCacheAwareFilter@49cd08f9, org.springframework.security.web.servletapi.SecurityContextHolderAwareRequestFilter@73ff7a54, org.springframework.security.web.authentication.AnonymousAuthenticationFilter@5300694d, org.springframework.security.web.session.SessionManagementFilter@4d84688f, org.springframework.security.web.access.ExceptionTranslationFilter@4023d23f, org.springframework.security.web.access.intercept.FilterSecurityInterceptor@a44ad33]
2019-08-14 15:41:55.799 DEBUG 6752 --- [main] o.s.w.s.handler.SimpleUrlHandlerMapping  : Patterns [/**/favicon.ico] in 'faviconHandlerMapping'
2019-08-14 15:41:56.081  INFO 6752 --- [main] o.s.s.concurrent.ThreadPoolTaskExecutor  : Initializing ExecutorService 'applicationTaskExecutor'
2019-08-14 15:41:56.112 DEBUG 6752 --- [main] s.w.s.m.m.a.RequestMappingHandlerAdapter : ControllerAdvice beans: 0 @ModelAttribute, 0 @InitBinder, 1 RequestBodyAdvice, 1 ResponseBodyAdvice
2019-08-14 15:41:56.159  WARN 6752 --- [main] aWebConfiguration$JpaWebMvcConfiguration : spring.jpa.open-in-view is enabled by default. Therefore, database queries may be performed during view rendering. Explicitly configure spring.jpa.open-in-view to disable this warning
2019-08-14 15:41:56.221 DEBUG 6752 --- [main] s.w.s.m.m.a.RequestMappingHandlerMapping : 21 mappings in 'requestMappingHandlerMapping'
2019-08-14 15:41:56.237 DEBUG 6752 --- [main] o.s.w.s.handler.SimpleUrlHandlerMapping  : Patterns [/login] in 'viewControllerHandlerMapping'
2019-08-14 15:41:56.252 DEBUG 6752 --- [main] o.s.w.s.handler.SimpleUrlHandlerMapping  : Patterns [/webjars/**, /**] in 'resourceHandlerMapping'
2019-08-14 15:41:56.268 DEBUG 6752 --- [main] .m.m.a.ExceptionHandlerExceptionResolver : ControllerAdvice beans: 1 @ExceptionHandler, 1 ResponseBodyAdvice
2019-08-14 15:41:56.315  INFO 6752 --- [main] o.s.b.a.w.s.WelcomePageHandlerMapping    : Adding welcome page template: index
2019-08-14 15:41:56.565  INFO 6752 --- [main] o.s.b.w.embedded.tomcat.TomcatWebServer  : Tomcat started on port(s): 8080 (http) with context path ''
2019-08-14 15:41:56.573  INFO 6752 --- [main] c.b.app.WebsitestillparserApplication    : Started WebsitestillparserApplication in 8.673 seconds (JVM running for 10.446)
2019-08-14 15:42:09.582  INFO 6752 --- [http-nio-8080-exec-1] o.a.c.c.C.[Tomcat].[localhost].[/]       : Initializing Spring DispatcherServlet 'dispatcherServlet'
2019-08-14 15:42:09.582  INFO 6752 --- [http-nio-8080-exec-1] o.s.web.servlet.DispatcherServlet        : Initializing Servlet 'dispatcherServlet'
2019-08-14 15:42:09.583 DEBUG 6752 --- [http-nio-8080-exec-1] o.s.web.servlet.DispatcherServlet        : Detected StandardServletMultipartResolver
2019-08-14 15:42:09.593 DEBUG 6752 --- [http-nio-8080-exec-1] o.s.web.servlet.DispatcherServlet        : enableLoggingRequestDetails='false': request parameters and headers will be masked to prevent unsafe logging of potentially sensitive data
2019-08-14 15:42:09.593  INFO 6752 --- [http-nio-8080-exec-1] o.s.web.servlet.DispatcherServlet        : Completed initialization in 11 ms
2019-08-14 15:42:09.658 DEBUG 6752 --- [http-nio-8080-exec-3] o.s.web.servlet.DispatcherServlet        : GET "/login", parameters={}
2019-08-14 15:42:09.666 DEBUG 6752 --- [http-nio-8080-exec-3] o.s.w.s.handler.SimpleUrlHandlerMapping  : Mapped to ParameterizableViewController [view="login"]
2019-08-14 15:42:09.678 DEBUG 6752 --- [http-nio-8080-exec-3] o.s.w.s.v.ContentNegotiatingViewResolver : Selected 'text/html' given [text/html, application/xhtml+xml, image/webp, image/apng, application/signed-exchange;v=b3, application/xml;q=0.9, */*;q=0.8]
2019-08-14 15:42:09.679 DEBUG 6752 --- [http-nio-8080-exec-3] o.s.web.servlet.view.JstlView            : View name 'login', model {}
2019-08-14 15:42:09.683 DEBUG 6752 --- [http-nio-8080-exec-3] o.s.web.servlet.view.JstlView            : Forwarding to [/WEB-INF/jsp/login.jsp]
2019-08-14 15:42:10.322 DEBUG 6752 --- [http-nio-8080-exec-3] o.s.web.servlet.DispatcherServlet        : Completed 200 OK
2019-08-14 15:42:12.472 DEBUG 6752 --- [http-nio-8080-exec-2] o.s.web.servlet.DispatcherServlet        : GET "/", parameters={}
2019-08-14 15:42:12.475 DEBUG 6752 --- [http-nio-8080-exec-2] o.s.w.s.v.ContentNegotiatingViewResolver : Selected 'text/html' given [text/html, application/xhtml+xml, image/webp, image/apng, application/signed-exchange;v=b3, application/xml;q=0.9, */*;q=0.8]
2019-08-14 15:42:12.476 DEBUG 6752 --- [http-nio-8080-exec-2] o.s.web.servlet.view.JstlView            : View name 'index', model {}
2019-08-14 15:42:12.476 DEBUG 6752 --- [http-nio-8080-exec-2] o.s.web.servlet.view.JstlView            : Forwarding to [/WEB-INF/jsp/index.jsp]
2019-08-14 15:42:12.728 DEBUG 6752 --- [http-nio-8080-exec-2] o.s.web.servlet.DispatcherServlet        : Completed 200 OK
2019-08-14 15:42:14.604 DEBUG 6752 --- [http-nio-8080-exec-6] o.s.web.servlet.DispatcherServlet        : GET "/linksForResources/show/all", parameters={}
2019-08-14 15:42:14.610 DEBUG 6752 --- [http-nio-8080-exec-6] s.w.s.m.m.a.RequestMappingHandlerMapping : Mapped to public java.lang.String com.berzenin.app.web.controller.GenericViewControllerImpl.findAll(org.springframework.ui.Model)
2019-08-14 15:42:14.691  INFO 6752 --- [http-nio-8080-exec-6] o.h.h.i.QueryTranslatorFactoryInitiator  : HHH000397: Using ASTQueryTranslatorFactory
2019-08-14 15:42:14.873 DEBUG 6752 --- [http-nio-8080-exec-6] o.s.w.s.v.ContentNegotiatingViewResolver : Selected 'text/html' given [text/html, application/xhtml+xml, image/webp, image/apng, application/signed-exchange;v=b3, application/xml;q=0.9, */*;q=0.8]
2019-08-14 15:42:14.874 DEBUG 6752 --- [http-nio-8080-exec-6] o.s.web.servlet.view.JstlView            : View name 'linksForResources', model {entityFor=LinkForMetalResources(id=0, host=null, resourcesType=null, urlForResource=null, localPathForPdfFile=null, localPathForTxtFile=null), countPage=null, page=linksForResources, message=All entity, listOfEntites=[LinkForMetalResources(id=44, host=localhost, resourcesType=LOCAL_PDF, urlForResource=..\web-metal-searcher\src\main\resources\localfiles\FilippBerzeninENG.pdf, localPathForPdfFile=..\web-metal-searcher\src\main\resources\localfiles\FilippBerzeninENG.pdf, localPathForTxtFile=..\web-metal-searcher\src\main\resources\localfiles\FilippBerzeninENG.txt), LinkForMetalResources(id=45, host=www.remystahl.de, resourcesType=REMOTE_PDF, urlForResource=https://www.remystahl.de/fileadmin/user_upload/downloads/Lieferprogramm_Remystahl.pdf, localPathForPdfFile=..\web-metal-searcher\src\main\resources\www.remystahl.de\Lieferprogramm_Remystahl.pdf, localPathForTxtFile=..\web-metal-searcher\src\main\resources\www.remystahl.de\Lieferprogramm_Remystahl.txt)], org.springframework.validation.BindingResult.entityFor=org.springframework.validation.BeanPropertyBindingResult: 0 errors}
2019-08-14 15:42:14.875 DEBUG 6752 --- [http-nio-8080-exec-6] o.s.web.servlet.view.JstlView            : Forwarding to [/WEB-INF/jsp/linksForResources.jsp]
2019-08-14 15:42:15.346 DEBUG 6752 --- [http-nio-8080-exec-6] o.s.web.servlet.DispatcherServlet        : Completed 200 OK
2019-08-14 15:42:17.603 DEBUG 6752 --- [http-nio-8080-exec-8] o.s.web.servlet.DispatcherServlet        : POST "/linksForResources/create/", parameters={masked}
2019-08-14 15:42:17.604 DEBUG 6752 --- [http-nio-8080-exec-8] s.w.s.m.m.a.RequestMappingHandlerMapping : Mapped to public java.lang.String com.berzenin.app.web.controller.LinkMetalResourcesController.add(com.berzenin.app.model.LinkForMetalResources,org.springframework.validation.BindingResult,org.springframework.ui.Model)
2019-08-14 15:43:42.631 DEBUG 6752 --- [http-nio-8080-exec-8] o.s.w.s.v.ContentNegotiatingViewResolver : Selected 'text/html' given [text/html, application/xhtml+xml, image/webp, image/apng, application/signed-exchange;v=b3, application/xml;q=0.9, */*;q=0.8]
2019-08-14 15:43:42.635 DEBUG 6752 --- [http-nio-8080-exec-8] o.s.web.servlet.view.JstlView            : View name 'linksForResources', model {entityFor=LinkForMetalResources(id=0, host=null, resourcesType=null, urlForResource=null, localPathForPdfFile=null, localPathForTxtFile=null), entity=LinkForMetalResources(id=0, host=null, resourcesType=null, urlForResource=, localPathForPdfFile=null, localPathForTxtFile=null), org.springframework.validation.BindingResult.entity=org.springframework.validation.BeanPropertyBindingResult: 0 errors, countPage=[1], page=linksForResources, message=All entity All entity from 1, listOfEntites=[LinkForMetalResources(id=45, host=www.remystahl.de, resourcesType=REMOTE_PDF, urlForResource=https://www.remystahl.de/fileadmin/user_upload/downloads/Lieferprogramm_Remystahl.pdf, localPathForPdfFile=..\web-metal-searcher\src\main\resources\www.remystahl.de\Lieferprogramm_Remystahl.pdf, localPathForTxtFile=..\web-metal-searcher\src\main\resources\www.remystahl.de\Lieferprogramm_Remystahl.txt), LinkForMetalResources(id=44, host=localhost, resourcesType=LOCAL_PDF, urlForResource=..\web-metal-searcher\src\main\resources\localfiles\FilippBerzeninENG.pdf, localPathForPdfFile=..\web-metal-searcher\src\main\resources\localfiles\FilippBerzeninENG.pdf, localPathForTxtFile=..\web-metal-searcher\src\main\resources\localfiles\FilippBerzeninENG.txt)], org.springframework.validation.BindingResult.entityFor=org.springframework.validation.BeanPropertyBindingResult: 0 errors}
2019-08-14 15:43:42.637 DEBUG 6752 --- [http-nio-8080-exec-8] o.s.web.servlet.view.JstlView            : Forwarding to [/WEB-INF/jsp/linksForResources.jsp]
2019-08-14 15:43:42.653 DEBUG 6752 --- [http-nio-8080-exec-8] o.s.web.servlet.DispatcherServlet        : Completed 201 CREATED
2019-08-14 15:45:05.715  INFO 4176 --- [main] c.b.app.WebsitestillparserApplication    : Starting WebsitestillparserApplication on Home with PID 4176 (C:\workspace\Web-metal-searcher\target\classes started by Fylyp in C:\workspace\Web-metal-searcher)
2019-08-14 15:45:05.715  INFO 4176 --- [main] c.b.app.WebsitestillparserApplication    : No active profile set, falling back to default profiles: default
2019-08-14 15:45:06.824  INFO 4176 --- [main] .s.d.r.c.RepositoryConfigurationDelegate : Bootstrapping Spring Data repositories in DEFAULT mode.
2019-08-14 15:45:06.961  INFO 4176 --- [main] .s.d.r.c.RepositoryConfigurationDelegate : Finished Spring Data repository scanning in 125ms. Found 1 repository interfaces.
2019-08-14 15:45:07.414  INFO 4176 --- [main] trationDelegate$BeanPostProcessorChecker : Bean 'org.springframework.transaction.annotation.ProxyTransactionManagementConfiguration' of type [org.springframework.transaction.annotation.ProxyTransactionManagementConfiguration$$EnhancerBySpringCGLIB$$6226e835] is not eligible for getting processed by all BeanPostProcessors (for example: not eligible for auto-proxying)
2019-08-14 15:45:07.821  INFO 4176 --- [main] o.s.b.w.embedded.tomcat.TomcatWebServer  : Tomcat initialized with port(s): 8080 (http)
2019-08-14 15:45:07.852  INFO 4176 --- [main] o.apache.catalina.core.StandardService   : Starting service [Tomcat]
2019-08-14 15:45:07.854  INFO 4176 --- [main] org.apache.catalina.core.StandardEngine  : Starting Servlet engine: [Apache Tomcat/9.0.21]
2019-08-14 15:45:08.417  INFO 4176 --- [main] org.apache.jasper.servlet.TldScanner     : At least one JAR was scanned for TLDs yet contained no TLDs. Enable debug logging for this logger for a complete list of JARs that were scanned but no TLDs were found in them. Skipping unneeded JARs during scanning can improve startup time and JSP compilation time.
2019-08-14 15:45:08.433  INFO 4176 --- [main] o.a.c.c.C.[Tomcat].[localhost].[/]       : Initializing Spring embedded WebApplicationContext
2019-08-14 15:45:08.433 DEBUG 4176 --- [main] o.s.web.context.ContextLoader            : Published root WebApplicationContext as ServletContext attribute with name [org.springframework.web.context.WebApplicationContext.ROOT]
2019-08-14 15:45:08.433  INFO 4176 --- [main] o.s.web.context.ContextLoader            : Root WebApplicationContext: initialization completed in 2640 ms
2019-08-14 15:45:08.714  INFO 4176 --- [main] com.zaxxer.hikari.HikariDataSource       : HikariPool-1 - Starting...
2019-08-14 15:45:08.917  INFO 4176 --- [main] com.zaxxer.hikari.HikariDataSource       : HikariPool-1 - Start completed.
2019-08-14 15:45:09.017  INFO 4176 --- [main] o.hibernate.jpa.internal.util.LogHelper  : HHH000204: Processing PersistenceUnitInfo [
	name: default
	...]
2019-08-14 15:45:09.282  INFO 4176 --- [main] org.hibernate.Version                    : HHH000412: Hibernate Core {5.3.10.Final}
2019-08-14 15:45:09.282  INFO 4176 --- [main] org.hibernate.cfg.Environment            : HHH000206: hibernate.properties not found
2019-08-14 15:45:09.532  INFO 4176 --- [main] o.hibernate.annotations.common.Version   : HCANN000001: Hibernate Commons Annotations {5.0.4.Final}
2019-08-14 15:45:09.829  INFO 4176 --- [main] org.hibernate.dialect.Dialect            : HHH000400: Using dialect: org.hibernate.dialect.PostgreSQLDialect
2019-08-14 15:45:09.860  INFO 4176 --- [main] o.h.e.j.e.i.LobCreatorBuilderImpl        : HHH000422: Disabling contextual LOB creation as connection was null
2019-08-14 15:45:09.860  INFO 4176 --- [main] org.hibernate.type.BasicTypeRegistry     : HHH000270: Type registration [java.util.UUID] overrides previous : org.hibernate.type.UUIDBinaryType@20cff21e
2019-08-14 15:45:10.782  INFO 4176 --- [main] j.LocalContainerEntityManagerFactoryBean : Initialized JPA EntityManagerFactory for persistence unit 'default'
2019-08-14 15:45:12.389  WARN 4176 --- [main] o.s.security.core.userdetails.User       : User.withDefaultPasswordEncoder() is considered unsafe for production and is only intended for sample applications.
2019-08-14 15:45:12.835  INFO 4176 --- [main] o.s.s.web.DefaultSecurityFilterChain     : Creating filter chain: any request, [org.springframework.security.web.context.request.async.WebAsyncManagerIntegrationFilter@478c84aa, org.springframework.security.web.context.SecurityContextPersistenceFilter@1238a074, org.springframework.security.web.header.HeaderWriterFilter@182dcd2b, org.springframework.security.web.csrf.CsrfFilter@14ba7f15, org.springframework.security.web.authentication.logout.LogoutFilter@314c28dc, org.springframework.security.web.authentication.UsernamePasswordAuthenticationFilter@38874eb5, org.springframework.security.web.savedrequest.RequestCacheAwareFilter@73baf7f0, org.springframework.security.web.servletapi.SecurityContextHolderAwareRequestFilter@1cdad619, org.springframework.security.web.authentication.AnonymousAuthenticationFilter@1d1deb11, org.springframework.security.web.session.SessionManagementFilter@259c6ab8, org.springframework.security.web.access.ExceptionTranslationFilter@49c4118b, org.springframework.security.web.access.intercept.FilterSecurityInterceptor@53551fef]
2019-08-14 15:45:12.976 DEBUG 4176 --- [main] o.s.w.s.handler.SimpleUrlHandlerMapping  : Patterns [/**/favicon.ico] in 'faviconHandlerMapping'
2019-08-14 15:45:13.241  INFO 4176 --- [main] o.s.s.concurrent.ThreadPoolTaskExecutor  : Initializing ExecutorService 'applicationTaskExecutor'
2019-08-14 15:45:13.265 DEBUG 4176 --- [main] s.w.s.m.m.a.RequestMappingHandlerAdapter : ControllerAdvice beans: 0 @ModelAttribute, 0 @InitBinder, 1 RequestBodyAdvice, 1 ResponseBodyAdvice
2019-08-14 15:45:13.336  WARN 4176 --- [main] aWebConfiguration$JpaWebMvcConfiguration : spring.jpa.open-in-view is enabled by default. Therefore, database queries may be performed during view rendering. Explicitly configure spring.jpa.open-in-view to disable this warning
2019-08-14 15:45:13.405 DEBUG 4176 --- [main] s.w.s.m.m.a.RequestMappingHandlerMapping : 21 mappings in 'requestMappingHandlerMapping'
2019-08-14 15:45:13.412 DEBUG 4176 --- [main] o.s.w.s.handler.SimpleUrlHandlerMapping  : Patterns [/login] in 'viewControllerHandlerMapping'
2019-08-14 15:45:13.422 DEBUG 4176 --- [main] o.s.w.s.handler.SimpleUrlHandlerMapping  : Patterns [/webjars/**, /**] in 'resourceHandlerMapping'
2019-08-14 15:45:13.444 DEBUG 4176 --- [main] .m.m.a.ExceptionHandlerExceptionResolver : ControllerAdvice beans: 1 @ExceptionHandler, 1 ResponseBodyAdvice
2019-08-14 15:45:13.489  INFO 4176 --- [main] o.s.b.a.w.s.WelcomePageHandlerMapping    : Adding welcome page template: index
2019-08-14 15:45:13.856  INFO 4176 --- [main] o.s.b.w.embedded.tomcat.TomcatWebServer  : Tomcat started on port(s): 8080 (http) with context path ''
2019-08-14 15:45:13.856  INFO 4176 --- [main] c.b.app.WebsitestillparserApplication    : Started WebsitestillparserApplication in 8.742 seconds (JVM running for 10.302)
2019-08-14 15:45:21.051  INFO 4176 --- [http-nio-8080-exec-1] o.a.c.c.C.[Tomcat].[localhost].[/]       : Initializing Spring DispatcherServlet 'dispatcherServlet'
2019-08-14 15:45:21.052  INFO 4176 --- [http-nio-8080-exec-1] o.s.web.servlet.DispatcherServlet        : Initializing Servlet 'dispatcherServlet'
2019-08-14 15:45:21.052 DEBUG 4176 --- [http-nio-8080-exec-1] o.s.web.servlet.DispatcherServlet        : Detected StandardServletMultipartResolver
2019-08-14 15:45:21.062 DEBUG 4176 --- [http-nio-8080-exec-1] o.s.web.servlet.DispatcherServlet        : enableLoggingRequestDetails='false': request parameters and headers will be masked to prevent unsafe logging of potentially sensitive data
2019-08-14 15:45:21.063  INFO 4176 --- [http-nio-8080-exec-1] o.s.web.servlet.DispatcherServlet        : Completed initialization in 11 ms
2019-08-14 15:45:21.130 DEBUG 4176 --- [http-nio-8080-exec-3] o.s.web.servlet.DispatcherServlet        : GET "/login", parameters={}
2019-08-14 15:45:21.138 DEBUG 4176 --- [http-nio-8080-exec-3] o.s.w.s.handler.SimpleUrlHandlerMapping  : Mapped to ParameterizableViewController [view="login"]
2019-08-14 15:45:21.150 DEBUG 4176 --- [http-nio-8080-exec-3] o.s.w.s.v.ContentNegotiatingViewResolver : Selected 'text/html' given [text/html, application/xhtml+xml, image/webp, image/apng, application/signed-exchange;v=b3, application/xml;q=0.9, */*;q=0.8]
2019-08-14 15:45:21.150 DEBUG 4176 --- [http-nio-8080-exec-3] o.s.web.servlet.view.JstlView            : View name 'login', model {}
2019-08-14 15:45:21.158 DEBUG 4176 --- [http-nio-8080-exec-3] o.s.web.servlet.view.JstlView            : Forwarding to [/WEB-INF/jsp/login.jsp]
2019-08-14 15:45:21.797 DEBUG 4176 --- [http-nio-8080-exec-3] o.s.web.servlet.DispatcherServlet        : Completed 200 OK
2019-08-14 15:45:21.880 DEBUG 4176 --- [http-nio-8080-exec-6] o.s.web.servlet.DispatcherServlet        : GET "/login", parameters={}
2019-08-14 15:45:21.884 DEBUG 4176 --- [http-nio-8080-exec-6] o.s.w.s.handler.SimpleUrlHandlerMapping  : Mapped to ParameterizableViewController [view="login"]
2019-08-14 15:45:21.886 DEBUG 4176 --- [http-nio-8080-exec-6] o.s.w.s.v.ContentNegotiatingViewResolver : Selected '*/*;q=0.8' given [image/webp, image/apng, image/*, */*;q=0.8]
2019-08-14 15:45:21.886 DEBUG 4176 --- [http-nio-8080-exec-6] o.s.web.servlet.view.JstlView            : View name 'login', model {}
2019-08-14 15:45:21.887 DEBUG 4176 --- [http-nio-8080-exec-6] o.s.web.servlet.view.JstlView            : Forwarding to [/WEB-INF/jsp/login.jsp]
2019-08-14 15:45:21.889 DEBUG 4176 --- [http-nio-8080-exec-6] o.s.web.servlet.DispatcherServlet        : Completed 200 OK
2019-08-14 15:45:23.879 DEBUG 4176 --- [http-nio-8080-exec-8] o.s.web.servlet.DispatcherServlet        : GET "/", parameters={}
2019-08-14 15:45:23.882 DEBUG 4176 --- [http-nio-8080-exec-8] o.s.w.s.v.ContentNegotiatingViewResolver : Selected 'text/html' given [text/html, application/xhtml+xml, image/webp, image/apng, application/signed-exchange;v=b3, application/xml;q=0.9, */*;q=0.8]
2019-08-14 15:45:23.882 DEBUG 4176 --- [http-nio-8080-exec-8] o.s.web.servlet.view.JstlView            : View name 'index', model {}
2019-08-14 15:45:23.882 DEBUG 4176 --- [http-nio-8080-exec-8] o.s.web.servlet.view.JstlView            : Forwarding to [/WEB-INF/jsp/index.jsp]
2019-08-14 15:45:24.116 DEBUG 4176 --- [http-nio-8080-exec-8] o.s.web.servlet.DispatcherServlet        : Completed 200 OK
2019-08-14 15:45:24.164 DEBUG 4176 --- [http-nio-8080-exec-7] o.s.web.servlet.DispatcherServlet        : GET "/favicon.ico", parameters={}
2019-08-14 15:45:24.166 DEBUG 4176 --- [http-nio-8080-exec-7] o.s.w.s.handler.SimpleUrlHandlerMapping  : Mapped to ResourceHttpRequestHandler [class path resource [META-INF/resources/], class path resource [resources/], class path resource [static/], class path resource [public/], ServletContext resource [/], class path resource []]
2019-08-14 15:45:24.256 DEBUG 4176 --- [http-nio-8080-exec-7] o.s.web.servlet.DispatcherServlet        : Completed 200 OK
2019-08-14 15:45:26.010 DEBUG 4176 --- [http-nio-8080-exec-9] o.s.web.servlet.DispatcherServlet        : GET "/linksForResources/show/all", parameters={}
2019-08-14 15:45:26.016 DEBUG 4176 --- [http-nio-8080-exec-9] s.w.s.m.m.a.RequestMappingHandlerMapping : Mapped to public java.lang.String com.berzenin.app.web.controller.GenericViewControllerImpl.findAll(org.springframework.ui.Model)
2019-08-14 15:45:26.097  INFO 4176 --- [http-nio-8080-exec-9] o.h.h.i.QueryTranslatorFactoryInitiator  : HHH000397: Using ASTQueryTranslatorFactory
2019-08-14 15:45:26.268 DEBUG 4176 --- [http-nio-8080-exec-9] o.s.w.s.v.ContentNegotiatingViewResolver : Selected 'text/html' given [text/html, application/xhtml+xml, image/webp, image/apng, application/signed-exchange;v=b3, application/xml;q=0.9, */*;q=0.8]
2019-08-14 15:45:26.269 DEBUG 4176 --- [http-nio-8080-exec-9] o.s.web.servlet.view.JstlView            : View name 'linksForResources', model {entityFor=LinkForMetalResources(id=0, host=null, resourcesType=null, urlForResource=null, localPathForPdfFile=null, localPathForTxtFile=null), countPage=null, page=linksForResources, message=All entity, listOfEntites=[LinkForMetalResources(id=44, host=localhost, resourcesType=LOCAL_PDF, urlForResource=..\web-metal-searcher\src\main\resources\localfiles\FilippBerzeninENG.pdf, localPathForPdfFile=..\web-metal-searcher\src\main\resources\localfiles\FilippBerzeninENG.pdf, localPathForTxtFile=..\web-metal-searcher\src\main\resources\localfiles\FilippBerzeninENG.txt), LinkForMetalResources(id=45, host=www.remystahl.de, resourcesType=REMOTE_PDF, urlForResource=https://www.remystahl.de/fileadmin/user_upload/downloads/Lieferprogramm_Remystahl.pdf, localPathForPdfFile=..\web-metal-searcher\src\main\resources\www.remystahl.de\Lieferprogramm_Remystahl.pdf, localPathForTxtFile=..\web-metal-searcher\src\main\resources\www.remystahl.de\Lieferprogramm_Remystahl.txt)], org.springframework.validation.BindingResult.entityFor=org.springframework.validation.BeanPropertyBindingResult: 0 errors}
2019-08-14 15:45:26.269 DEBUG 4176 --- [http-nio-8080-exec-9] o.s.web.servlet.view.JstlView            : Forwarding to [/WEB-INF/jsp/linksForResources.jsp]
2019-08-14 15:45:26.705 DEBUG 4176 --- [http-nio-8080-exec-9] o.s.web.servlet.DispatcherServlet        : Completed 200 OK
2019-08-14 15:45:28.892 DEBUG 4176 --- [http-nio-8080-exec-10] o.s.web.servlet.DispatcherServlet        : POST "/linksForResources/create/", parameters={masked}
2019-08-14 15:45:28.894 DEBUG 4176 --- [http-nio-8080-exec-10] s.w.s.m.m.a.RequestMappingHandlerMapping : Mapped to public java.lang.String com.berzenin.app.web.controller.LinkMetalResourcesController.add(com.berzenin.app.model.LinkForMetalResources,org.springframework.validation.BindingResult,org.springframework.ui.Model)
2019-08-14 15:46:53.374 DEBUG 4176 --- [http-nio-8080-exec-10] o.s.w.s.v.ContentNegotiatingViewResolver : Selected 'text/html' given [text/html, application/xhtml+xml, image/webp, image/apng, application/signed-exchange;v=b3, application/xml;q=0.9, */*;q=0.8]
2019-08-14 15:46:53.376 DEBUG 4176 --- [http-nio-8080-exec-10] o.s.web.servlet.view.JstlView            : View name 'linksForResources', model {entityFor=LinkForMetalResources(id=0, host=null, resourcesType=null, urlForResource=null, localPathForPdfFile=null, localPathForTxtFile=null), entity=LinkForMetalResources(id=0, host=null, resourcesType=null, urlForResource=, localPathForPdfFile=null, localPathForTxtFile=null), org.springframework.validation.BindingResult.entity=org.springframework.validation.BeanPropertyBindingResult: 0 errors, countPage=[1], page=linksForResources, message=All entity All entity from 1, listOfEntites=[LinkForMetalResources(id=45, host=www.remystahl.de, resourcesType=REMOTE_PDF, urlForResource=https://www.remystahl.de/fileadmin/user_upload/downloads/Lieferprogramm_Remystahl.pdf, localPathForPdfFile=..\web-metal-searcher\src\main\resources\www.remystahl.de\Lieferprogramm_Remystahl.pdf, localPathForTxtFile=..\web-metal-searcher\src\main\resources\www.remystahl.de\Lieferprogramm_Remystahl.txt), LinkForMetalResources(id=44, host=localhost, resourcesType=LOCAL_PDF, urlForResource=..\web-metal-searcher\src\main\resources\localfiles\FilippBerzeninENG.pdf, localPathForPdfFile=..\web-metal-searcher\src\main\resources\localfiles\FilippBerzeninENG.pdf, localPathForTxtFile=..\web-metal-searcher\src\main\resources\localfiles\FilippBerzeninENG.txt)], org.springframework.validation.BindingResult.entityFor=org.springframework.validation.BeanPropertyBindingResult: 0 errors}
2019-08-14 15:46:53.377 DEBUG 4176 --- [http-nio-8080-exec-10] o.s.web.servlet.view.JstlView            : Forwarding to [/WEB-INF/jsp/linksForResources.jsp]
2019-08-14 15:46:53.393 DEBUG 4176 --- [http-nio-8080-exec-10] o.s.web.servlet.DispatcherServlet        : Completed 201 CREATED
2019-08-14 15:48:02.499 DEBUG 4176 --- [http-nio-8080-exec-3] o.s.web.servlet.DispatcherServlet        : POST "/linksForResources/delete/44", parameters={masked}
2019-08-14 15:48:02.503 DEBUG 4176 --- [http-nio-8080-exec-3] s.w.s.m.m.a.RequestMappingHandlerMapping : Mapped to public java.lang.String com.berzenin.app.web.controller.LinkMetalResourcesController.deleteEntity(java.lang.Long,org.springframework.ui.Model)
2019-08-14 15:48:02.638 ERROR 4176 --- [http-nio-8080-exec-3] c.b.a.s.utils.LocalFilesController       : no protocol: ..\web-metal-searcher\src\main\resources\localfiles\FilippBerzeninENG.pdf
2019-08-14 15:48:02.645 ERROR 4176 --- [http-nio-8080-exec-3] c.b.a.s.utils.LocalFilesController       : :       ,       .

2019-08-14 15:48:02.650 DEBUG 4176 --- [http-nio-8080-exec-3] o.s.w.s.v.ContentNegotiatingViewResolver : Selected 'text/html' given [text/html, application/xhtml+xml, image/webp, image/apng, application/signed-exchange;v=b3, application/xml;q=0.9, */*;q=0.8]
2019-08-14 15:48:02.651 DEBUG 4176 --- [http-nio-8080-exec-3] o.s.web.servlet.view.JstlView            : View name 'linksForResources', model {entityFor=LinkForMetalResources(id=0, host=null, resourcesType=null, urlForResource=null, localPathForPdfFile=null, localPathForTxtFile=null), countPage=[1], page=linksForResources, message=All entity All entity from 1, listOfEntites=[LinkForMetalResources(id=45, host=www.remystahl.de, resourcesType=REMOTE_PDF, urlForResource=https://www.remystahl.de/fileadmin/user_upload/downloads/Lieferprogramm_Remystahl.pdf, localPathForPdfFile=..\web-metal-searcher\src\main\resources\www.remystahl.de\Lieferprogramm_Remystahl.pdf, localPathForTxtFile=..\web-metal-searcher\src\main\resources\www.remystahl.de\Lieferprogramm_Remystahl.txt)], org.springframework.validation.BindingResult.entityFor=org.springframework.validation.BeanPropertyBindingResult: 0 errors}
2019-08-14 15:48:02.651 DEBUG 4176 --- [http-nio-8080-exec-3] o.s.web.servlet.view.JstlView            : Forwarding to [/WEB-INF/jsp/linksForResources.jsp]
2019-08-14 15:48:02.657 DEBUG 4176 --- [http-nio-8080-exec-3] o.s.web.servlet.DispatcherServlet        : Completed 200 OK
2019-08-14 15:48:09.473 DEBUG 4176 --- [http-nio-8080-exec-4] o.s.web.servlet.DispatcherServlet        : POST "/linksForResources/delete/45", parameters={masked}
2019-08-14 15:48:09.475 DEBUG 4176 --- [http-nio-8080-exec-4] s.w.s.m.m.a.RequestMappingHandlerMapping : Mapped to public java.lang.String com.berzenin.app.web.controller.LinkMetalResourcesController.deleteEntity(java.lang.Long,org.springframework.ui.Model)
2019-08-14 15:48:09.552 DEBUG 4176 --- [http-nio-8080-exec-4] o.s.w.s.v.ContentNegotiatingViewResolver : Selected 'text/html' given [text/html, application/xhtml+xml, image/webp, image/apng, application/signed-exchange;v=b3, application/xml;q=0.9, */*;q=0.8]
2019-08-14 15:48:09.553 DEBUG 4176 --- [http-nio-8080-exec-4] o.s.web.servlet.view.JstlView            : View name 'linksForResources', model {entityFor=LinkForMetalResources(id=0, host=null, resourcesType=null, urlForResource=null, localPathForPdfFile=null, localPathForTxtFile=null), countPage=[], page=linksForResources, message=All entity All entity from 1, listOfEntites=null, org.springframework.validation.BindingResult.entityFor=org.springframework.validation.BeanPropertyBindingResult: 0 errors}
2019-08-14 15:48:09.553 DEBUG 4176 --- [http-nio-8080-exec-4] o.s.web.servlet.view.JstlView            : Forwarding to [/WEB-INF/jsp/linksForResources.jsp]
2019-08-14 15:48:09.556 DEBUG 4176 --- [http-nio-8080-exec-4] o.s.web.servlet.DispatcherServlet        : Completed 200 OK
